<?xml version="1.0" encoding="UTF-8"?>
<coverage generated="1726110233167" clover="3.2.0">
  <project timestamp="1726110233167" name="All files">
    <metrics statements="5" coveredstatements="5" conditionals="3" coveredconditionals="2" methods="1" coveredmethods="1" elements="9" coveredelements="8" complexity="0" loc="5" ncloc="5" packages="1" files="2" classes="2"/>
    <file name="chunk.ts" path="D:\code\other\kerry-lodash\src\array\chunk.ts">
      <metrics statements="5" coveredstatements="5" conditionals="3" coveredconditionals="2" methods="1" coveredmethods="1"/>
      <line num="2" count="3" type="cond" truecount="1" falsecount="1"/>
      <line num="4" count="3" type="stmt"/>
      <line num="5" count="3" type="stmt"/>
      <line num="6" count="10" type="stmt"/>
      <line num="8" count="3" type="stmt"/>
    </file>
    <file name="index.ts" path="D:\code\other\kerry-lodash\src\array\index.ts">
      <metrics statements="0" coveredstatements="0" conditionals="0" coveredconditionals="0" methods="0" coveredmethods="0"/>
    </file>
  </project>
</coverage>
