<?xml version="1.0" encoding="UTF-8"?>
<coverage generated="1726196431362" clover="3.2.0">
  <project timestamp="1726196431362" name="All files">
    <metrics statements="7" coveredstatements="7" conditionals="1" coveredconditionals="1" methods="5" coveredmethods="5" elements="13" coveredelements="13" complexity="0" loc="7" ncloc="7" packages="1" files="5" classes="5"/>
    <file name="chunk.ts" path="D:\code\other\kerry-lodash\src\array\chunk.ts">
      <metrics statements="4" coveredstatements="4" conditionals="1" coveredconditionals="1" methods="1" coveredmethods="1"/>
      <line num="8" count="3" type="stmt"/>
      <line num="9" count="3" type="stmt"/>
      <line num="10" count="10" type="stmt"/>
      <line num="12" count="3" type="stmt"/>
    </file>
    <file name="compact.ts" path="D:\code\other\kerry-lodash\src\array\compact.ts">
      <metrics statements="1" coveredstatements="1" conditionals="0" coveredconditionals="0" methods="1" coveredmethods="1"/>
      <line num="7" count="1" type="stmt"/>
    </file>
    <file name="concat.ts" path="D:\code\other\kerry-lodash\src\array\concat.ts">
      <metrics statements="1" coveredstatements="1" conditionals="0" coveredconditionals="0" methods="1" coveredmethods="1"/>
      <line num="7" count="1" type="stmt"/>
    </file>
    <file name="difference.ts" path="D:\code\other\kerry-lodash\src\array\difference.ts">
      <metrics statements="1" coveredstatements="1" conditionals="0" coveredconditionals="0" methods="2" coveredmethods="2"/>
      <line num="7" count="7" type="stmt"/>
    </file>
    <file name="index.ts" path="D:\code\other\kerry-lodash\src\array\index.ts">
      <metrics statements="0" coveredstatements="0" conditionals="0" coveredconditionals="0" methods="0" coveredmethods="0"/>
    </file>
  </project>
</coverage>
