{"D:\\code\\other\\kerry-lodash\\src\\array\\chunk.ts": {"path":"D:\\code\\other\\kerry-lodash\\src\\array\\chunk.ts","statementMap":{"0":{"start":{"line":8,"column":2},"end":{"line":8,"column":70}},"1":{"start":{"line":8,"column":29},"end":{"line":8,"column":70}},"2":{"start":{"line":10,"column":21},"end":{"line":10,"column":23}},"3":{"start":{"line":11,"column":2},"end":{"line":13,"column":3}},"4":{"start":{"line":11,"column":15},"end":{"line":11,"column":16}},"5":{"start":{"line":12,"column":4},"end":{"line":12,"column":39}},"6":{"start":{"line":14,"column":2},"end":{"line":14,"column":13}}},"fnMap":{"0":{"name":"chunk","decl":{"start":{"line":7,"column":16},"end":{"line":7,"column":21}},"loc":{"start":{"line":7,"column":62},"end":{"line":15,"column":1}},"line":7}},"branchMap":{"0":{"loc":{"start":{"line":7,"column":37},"end":{"line":7,"column":53}},"type":"default-arg","locations":[{"start":{"line":7,"column":52},"end":{"line":7,"column":53}}],"line":7},"1":{"loc":{"start":{"line":8,"column":2},"end":{"line":8,"column":70}},"type":"if","locations":[{"start":{"line":8,"column":2},"end":{"line":8,"column":70}},{"start":{},"end":{}}],"line":8}},"s":{"0":3,"1":0,"2":3,"3":3,"4":3,"5":10,"6":3},"f":{"0":3},"b":{"0":[1],"1":[0,3]},"_coverageSchema":"1a1c01bbd47fc00a2c39e90264f33305004495a9","hash":"c9d97c5f1014706b00e2e5a03128e450ef1ac68f"}
,"D:\\code\\other\\kerry-lodash\\src\\array\\compact.ts": {"path":"D:\\code\\other\\kerry-lodash\\src\\array\\compact.ts","statementMap":{"0":{"start":{"line":7,"column":2},"end":{"line":7,"column":31}}},"fnMap":{"0":{"name":"compact","decl":{"start":{"line":6,"column":16},"end":{"line":6,"column":23}},"loc":{"start":{"line":6,"column":44},"end":{"line":8,"column":1}},"line":6}},"branchMap":{},"s":{"0":1},"f":{"0":1},"b":{},"_coverageSchema":"1a1c01bbd47fc00a2c39e90264f33305004495a9","hash":"6f7cd04f89c64694a30bc8d2dc080e8f024068c2"}
,"D:\\code\\other\\kerry-lodash\\src\\array\\index.ts": {"path":"D:\\code\\other\\kerry-lodash\\src\\array\\index.ts","statementMap":{},"fnMap":{},"branchMap":{},"s":{},"f":{},"b":{},"_coverageSchema":"1a1c01bbd47fc00a2c39e90264f33305004495a9","hash":"2a42eaf47bb72783a7f7251ae940741af3e156b4"}
}
