{"D:\\code\\other\\kerry-lodash\\src\\array\\chunk.ts": {"path":"D:\\code\\other\\kerry-lodash\\src\\array\\chunk.ts","statementMap":{"0":{"start":{"line":2,"column":2},"end":{"line":2,"column":70}},"1":{"start":{"line":2,"column":29},"end":{"line":2,"column":70}},"2":{"start":{"line":4,"column":21},"end":{"line":4,"column":23}},"3":{"start":{"line":5,"column":2},"end":{"line":7,"column":3}},"4":{"start":{"line":5,"column":15},"end":{"line":5,"column":16}},"5":{"start":{"line":6,"column":4},"end":{"line":6,"column":39}},"6":{"start":{"line":8,"column":2},"end":{"line":8,"column":13}}},"fnMap":{"0":{"name":"chunk","decl":{"start":{"line":1,"column":16},"end":{"line":1,"column":21}},"loc":{"start":{"line":1,"column":62},"end":{"line":9,"column":1}},"line":1}},"branchMap":{"0":{"loc":{"start":{"line":1,"column":37},"end":{"line":1,"column":53}},"type":"default-arg","locations":[{"start":{"line":1,"column":52},"end":{"line":1,"column":53}}],"line":1},"1":{"loc":{"start":{"line":2,"column":2},"end":{"line":2,"column":70}},"type":"if","locations":[{"start":{"line":2,"column":2},"end":{"line":2,"column":70}},{"start":{},"end":{}}],"line":2}},"s":{"0":3,"1":0,"2":3,"3":3,"4":3,"5":10,"6":3},"f":{"0":3},"b":{"0":[1],"1":[0,3]},"_coverageSchema":"1a1c01bbd47fc00a2c39e90264f33305004495a9","hash":"9619e4f35e6d17a64775d8d40d420bb7261bb380"}
,"D:\\code\\other\\kerry-lodash\\src\\array\\index.ts": {"path":"D:\\code\\other\\kerry-lodash\\src\\array\\index.ts","statementMap":{},"fnMap":{},"branchMap":{},"s":{},"f":{},"b":{},"_coverageSchema":"1a1c01bbd47fc00a2c39e90264f33305004495a9","hash":"2a42eaf47bb72783a7f7251ae940741af3e156b4"}
}
