TN:
SF:src\array\chunk.ts
FN:7,chunk
FNF:1
FNH:1
FNDA:3,chunk
DA:8,3
DA:9,3
DA:10,10
DA:12,3
LF:4
LH:4
BRDA:7,0,0,1
BRF:1
BRH:1
end_of_record
TN:
SF:src\array\compact.ts
FN:6,compact
FNF:1
FNH:1
FNDA:1,compact
DA:7,1
LF:1
LH:1
BRF:0
BRH:0
end_of_record
TN:
SF:src\array\concat.ts
FN:6,concat
FNF:1
FNH:1
FNDA:1,concat
DA:7,1
LF:1
LH:1
BRF:0
BRH:0
end_of_record
TN:
SF:src\array\difference.ts
FN:6,difference
FN:7,(anonymous_1)
FNF:2
FNH:2
FNDA:2,difference
FNDA:7,(anonymous_1)
DA:7,7
LF:1
LH:1
BRF:0
BRH:0
end_of_record
TN:
SF:src\array\index.ts
FNF:0
FNH:0
LF:0
LH:0
BRF:0
BRH:0
end_of_record
